Log file open, 02/27/17 11:53:45
LogInit:Display: Running engine for game: PGT_Racing_Demo
LogPlatformFile: Not using cached read wrapper
LogInit:Display: RandInit(1068653916) SRandInit(1068653916).
LogTaskGraph: Started task graph with 5 named threads and 8 total threads with 1 sets of task threads.
LogStats: Stats thread started at 0.072962
LogPluginManager: Loaded Plugin Paper2D, From E:/EpicGames/Epic Games/4.14/Engine/Plugins/2D/Paper2D/Paper2D.uplugin
LogPluginManager: Loaded Plugin LightPropagationVolume, From E:/EpicGames/Epic Games/4.14/Engine/Plugins/Blendables/LightPropagationVolume/LightPropagationVolume.uplugin
LogPluginManager: Loaded Plugin BlankPlugin, From E:/EpicGames/Epic Games/4.14/Engine/Plugins/Developer/BlankPlugin/BlankPlugin.uplugin
LogPluginManager: Loaded Plugin CodeLiteSourceCodeAccess, From E:/EpicGames/Epic Games/4.14/Engine/Plugins/Developer/CodeLiteSourceCodeAccess/CodeLiteSourceCodeAccess.uplugin
LogPluginManager: Loaded Plugin GitSourceControl, From E:/EpicGames/Epic Games/4.14/Engine/Plugins/Developer/GitSourceControl/GitSourceControl.uplugin
LogPluginManager: Loaded Plugin KDevelopSourceCodeAccess, From E:/EpicGames/Epic Games/4.14/Engine/Plugins/Developer/KDevelopSourceCodeAccess/KDevelopSourceCodeAccess.uplugin
LogPluginManager: Loaded Plugin NullSourceCodeAccess, From E:/EpicGames/Epic Games/4.14/Engine/Plugins/Developer/NullSourceCodeAccess/NullSourceCodeAccess.uplugin
LogPluginManager: Loaded Plugin OneSkyLocalizationService, From E:/EpicGames/Epic Games/4.14/Engine/Plugins/Developer/OneSkyLocalizationService/OneSkyLocalizationService.uplugin
LogPluginManager: Loaded Plugin PerforceSourceControl, From E:/EpicGames/Epic Games/4.14/Engine/Plugins/Developer/PerforceSourceControl/PerforceSourceControl.uplugin
LogPluginManager: Loaded Plugin SubversionSourceControl, From E:/EpicGames/Epic Games/4.14/Engine/Plugins/Developer/SubversionSourceControl/SubversionSourceControl.uplugin
LogPluginManager: Loaded Plugin UObjectPlugin, From E:/EpicGames/Epic Games/4.14/Engine/Plugins/Developer/UObjectPlugin/UObjectPlugin.uplugin
LogPluginManager: Loaded Plugin VisualStudioSourceCodeAccess, From E:/EpicGames/Epic Games/4.14/Engine/Plugins/Developer/VisualStudioSourceCodeAccess/VisualStudioSourceCodeAccess.uplugin
LogPluginManager: Loaded Plugin XCodeSourceCodeAccess, From E:/EpicGames/Epic Games/4.14/Engine/Plugins/Developer/XCodeSourceCodeAccess/XCodeSourceCodeAccess.uplugin
LogPluginManager: Loaded Plugin AudioCapture, From E:/EpicGames/Epic Games/4.14/Engine/Plugins/Editor/AudioCapture/AudioCapture.uplugin
LogPluginManager: Loaded Plugin EpicSurvey, From E:/EpicGames/Epic Games/4.14/Engine/Plugins/Editor/EpicSurvey/EpicSurvey.uplugin
LogPluginManager: Loaded Plugin MacGraphicsSwitching, From E:/EpicGames/Epic Games/4.14/Engine/Plugins/Editor/MacGraphicsSwitching/MacGraphicsSwitching.uplugin
LogPluginManager: Loaded Plugin MobileLauncherProfileWizard, From E:/EpicGames/Epic Games/4.14/Engine/Plugins/Editor/MobileLauncherProfileWizard/MobileLauncherProfileWizard.uplugin
LogPluginManager: Loaded Plugin PluginBrowser, From E:/EpicGames/Epic Games/4.14/Engine/Plugins/Editor/PluginBrowser/PluginBrowser.uplugin
LogPluginManager: Loaded Plugin SpeedTreeImporter, From E:/EpicGames/Epic Games/4.14/Engine/Plugins/Editor/SpeedTreeImporter/SpeedTreeImporter.uplugin
LogPluginManager: Loaded Plugin SuperSearchEditor, From E:/EpicGames/Epic Games/4.14/Engine/Plugins/Editor/SuperSearchEditor/SuperSearchEditor.uplugin
LogPluginManager: Loaded Plugin AlembicImporter, From E:/EpicGames/Epic Games/4.14/Engine/Plugins/Experimental/AlembicImporter/AlembicImporter.uplugin
LogPluginManager: Loaded Plugin BlueprintStats, From E:/EpicGames/Epic Games/4.14/Engine/Plugins/Experimental/BlueprintStats/BlueprintStats.uplugin
LogPluginManager: Loaded Plugin CharacterAI, From E:/EpicGames/Epic Games/4.14/Engine/Plugins/Experimental/CharacterAI/CharacterAI.uplugin
LogPluginManager: Loaded Plugin CodeEditor, From E:/EpicGames/Epic Games/4.14/Engine/Plugins/Experimental/CodeEditor/CodeEditor.uplugin
LogPluginManager: Loaded Plugin CodeView, From E:/EpicGames/Epic Games/4.14/Engine/Plugins/Experimental/CodeView/CodeView.uplugin
LogPluginManager: Loaded Plugin HTML5Networking, From E:/EpicGames/Epic Games/4.14/Engine/Plugins/Experimental/HTML5Networking/HTML5Networking.uplugin
LogPluginManager: Loaded Plugin OSVR, From E:/EpicGames/Epic Games/4.14/Engine/Plugins/Experimental/OSVR/OSVR.uplugin
LogPluginManager: Loaded Plugin Phya, From E:/EpicGames/Epic Games/4.14/Engine/Plugins/Experimental/Phya/Phya.uplugin
LogPluginManager: Loaded Plugin SignificanceManager, From E:/EpicGames/Epic Games/4.14/Engine/Plugins/Experimental/SignificanceManager/SignificanceManager.uplugin
LogPluginManager: Loaded Plugin SimpleHMD, From E:/EpicGames/Epic Games/4.14/Engine/Plugins/Experimental/SimpleHMD/SimpleHMD.uplugin
LogPluginManager: Loaded Plugin StereoPanorama, From E:/EpicGames/Epic Games/4.14/Engine/Plugins/Experimental/StereoPanorama/StereoPanorama.uplugin
LogPluginManager: Loaded Plugin StructBox, From E:/EpicGames/Epic Games/4.14/Engine/Plugins/Experimental/StructBox/StructBox.uplugin
LogPluginManager: Loaded Plugin Substance, From E:/EpicGames/Epic Games/4.14/Engine/Plugins/Marketplace/Substance/Substance.uplugin
LogPluginManager: Loaded Plugin AndroidMedia, From E:/EpicGames/Epic Games/4.14/Engine/Plugins/Media/AndroidMedia/AndroidMedia.uplugin
LogPluginManager: Loaded Plugin AvfMedia, From E:/EpicGames/Epic Games/4.14/Engine/Plugins/Media/AvfMedia/AvfMedia.uplugin
LogPluginManager: Loaded Plugin MediaPlayerEditor, From E:/EpicGames/Epic Games/4.14/Engine/Plugins/Media/MediaPlayerEditor/MediaPlayerEditor.uplugin
LogPluginManager: Loaded Plugin WmfMedia, From E:/EpicGames/Epic Games/4.14/Engine/Plugins/Media/WmfMedia/WmfMedia.uplugin
LogPluginManager: Loaded Plugin MessagingDebugger, From E:/EpicGames/Epic Games/4.14/Engine/Plugins/Messaging/MessagingDebugger/MessagingDebugger.uplugin
LogPluginManager: Loaded Plugin TcpMessaging, From E:/EpicGames/Epic Games/4.14/Engine/Plugins/Messaging/TcpMessaging/TcpMessaging.uplugin
LogPluginManager: Loaded Plugin UdpMessaging, From E:/EpicGames/Epic Games/4.14/Engine/Plugins/Messaging/UdpMessaging/UdpMessaging.uplugin
LogPluginManager: Loaded Plugin LevelSequenceEditor, From E:/EpicGames/Epic Games/4.14/Engine/Plugins/MovieScene/LevelSequenceEditor/LevelSequenceEditor.uplugin
LogPluginManager: Loaded Plugin MatineeToLevelSequence, From E:/EpicGames/Epic Games/4.14/Engine/Plugins/MovieScene/MatineeToLevelSequence/MatineeToLevelSequence.uplugin
LogPluginManager: Loaded Plugin NetcodeUnitTest, From E:/EpicGames/Epic Games/4.14/Engine/Plugins/NetcodeUnitTest/NetcodeUnitTest/NetcodeUnitTest.uplugin
LogPluginManager: Loaded Plugin NUTUnrealEngine4, From E:/EpicGames/Epic Games/4.14/Engine/Plugins/NetcodeUnitTest/NUTUnrealEngine4/NUTUnrealEngine4.uplugin
LogPluginManager: Loaded Plugin OnlineSubsystemGameCircle, From E:/EpicGames/Epic Games/4.14/Engine/Plugins/Online/Android/OnlineSubsystemGameCircle/OnlineSubsystemGameCircle.uplugin
LogPluginManager: Loaded Plugin OnlineSubsystemGooglePlay, From E:/EpicGames/Epic Games/4.14/Engine/Plugins/Online/Android/OnlineSubsystemGooglePlay/OnlineSubsystemGooglePlay.uplugin
LogPluginManager: Loaded Plugin OnlineSubsystemIOS, From E:/EpicGames/Epic Games/4.14/Engine/Plugins/Online/IOS/OnlineSubsystemIOS/OnlineSubsystemIOS.uplugin
LogPluginManager: Loaded Plugin OnlineFramework, From E:/EpicGames/Epic Games/4.14/Engine/Plugins/Online/OnlineFramework/OnlineFramework.uplugin
LogPluginManager: Loaded Plugin OnlineSubsystem, From E:/EpicGames/Epic Games/4.14/Engine/Plugins/Online/OnlineSubsystem/OnlineSubsystem.uplugin
LogPluginManager: Loaded Plugin OnlineSubsystemAmazon, From E:/EpicGames/Epic Games/4.14/Engine/Plugins/Online/OnlineSubsystemAmazon/OnlineSubsystemAmazon.uplugin
LogPluginManager: Loaded Plugin OnlineSubsystemFacebook, From E:/EpicGames/Epic Games/4.14/Engine/Plugins/Online/OnlineSubsystemFacebook/OnlineSubsystemFacebook.uplugin
LogPluginManager: Loaded Plugin OnlineSubsystemNull, From E:/EpicGames/Epic Games/4.14/Engine/Plugins/Online/OnlineSubsystemNull/OnlineSubsystemNull.uplugin
LogPluginManager: Loaded Plugin OnlineSubsystemOculus, From E:/EpicGames/Epic Games/4.14/Engine/Plugins/Online/OnlineSubsystemOculus/OnlineSubsystemOculus.uplugin
LogPluginManager: Loaded Plugin OnlineSubsystemSteam, From E:/EpicGames/Epic Games/4.14/Engine/Plugins/Online/OnlineSubsystemSteam/OnlineSubsystemSteam.uplugin
LogPluginManager: Loaded Plugin OnlineSubsystemUtils, From E:/EpicGames/Epic Games/4.14/Engine/Plugins/Online/OnlineSubsystemUtils/OnlineSubsystemUtils.uplugin
LogPluginManager: Loaded Plugin IOSTapJoy, From E:/EpicGames/Epic Games/4.14/Engine/Plugins/Runtime/Advertising/IOSTapJoy/IOSTapJoy.uplugin
LogPluginManager: Loaded Plugin AnalyticsBlueprintLibrary, From E:/EpicGames/Epic Games/4.14/Engine/Plugins/Runtime/Analytics/AnalyticsBlueprintLibrary/AnalyticsBlueprintLibrary.uplugin
LogPluginManager: Loaded Plugin AnalyticsMulticast, From E:/EpicGames/Epic Games/4.14/Engine/Plugins/Runtime/Analytics/AnalyticsMulticast/AnalyticsMulticast.uplugin
LogPluginManager: Loaded Plugin Apsalar, From E:/EpicGames/Epic Games/4.14/Engine/Plugins/Runtime/Analytics/Apsalar/Apsalar.uplugin
LogPluginManager: Loaded Plugin FileLogging, From E:/EpicGames/Epic Games/4.14/Engine/Plugins/Runtime/Analytics/FileLogging/FileLogging.uplugin
LogPluginManager: Loaded Plugin Flurry, From E:/EpicGames/Epic Games/4.14/Engine/Plugins/Runtime/Analytics/Flurry/Flurry.uplugin
LogPluginManager: Loaded Plugin AndroidDeviceProfileSelector, From E:/EpicGames/Epic Games/4.14/Engine/Plugins/Runtime/AndroidDeviceProfileSelector/AndroidDeviceProfileSelector.uplugin
LogPluginManager: Loaded Plugin AndroidMoviePlayer, From E:/EpicGames/Epic Games/4.14/Engine/Plugins/Runtime/AndroidMoviePlayer/AndroidMoviePlayer.uplugin
LogPluginManager: Loaded Plugin AppleMoviePlayer, From E:/EpicGames/Epic Games/4.14/Engine/Plugins/Runtime/AppleMoviePlayer/AppleMoviePlayer.uplugin
LogPluginManager: Loaded Plugin ArchVisCharacter, From E:/EpicGames/Epic Games/4.14/Engine/Plugins/Runtime/ArchVisCharacter/ArchVisCharacter.uplugin
LogPluginManager: Loaded Plugin CableComponent, From E:/EpicGames/Epic Games/4.14/Engine/Plugins/Runtime/CableComponent/CableComponent.uplugin
LogPluginManager: Loaded Plugin CustomMeshComponent, From E:/EpicGames/Epic Games/4.14/Engine/Plugins/Runtime/CustomMeshComponent/CustomMeshComponent.uplugin
LogPluginManager: Loaded Plugin ExampleDeviceProfileSelector, From E:/EpicGames/Epic Games/4.14/Engine/Plugins/Runtime/ExampleDeviceProfileSelector/ExampleDeviceProfileSelector.uplugin
LogPluginManager: Loaded Plugin GearVR, From E:/EpicGames/Epic Games/4.14/Engine/Plugins/Runtime/GearVR/GearVR.uplugin
LogPluginManager: Loaded Plugin GoogleVRController, From E:/EpicGames/Epic Games/4.14/Engine/Plugins/Runtime/GoogleVR/GoogleVRController/GoogleVRController.uplugin
LogPluginManager: Loaded Plugin GoogleVRHMD, From E:/EpicGames/Epic Games/4.14/Engine/Plugins/Runtime/GoogleVR/GoogleVRHMD/GoogleVRHMD.uplugin
LogPluginManager: Loaded Plugin IOSDeviceProfileSelector, From E:/EpicGames/Epic Games/4.14/Engine/Plugins/Runtime/IOSDeviceProfileSelector/IOSDeviceProfileSelector.uplugin
LogPluginManager: Loaded Plugin LeapMotion, From E:/EpicGames/Epic Games/4.14/Engine/Plugins/Runtime/LeapMotion/LeapMotion.uplugin
LogPluginManager: Loaded Plugin LinuxDeviceProfileSelector, From E:/EpicGames/Epic Games/4.14/Engine/Plugins/Runtime/LinuxDeviceProfileSelector/LinuxDeviceProfileSelector.uplugin
LogPluginManager: Loaded Plugin MIDIDevice, From E:/EpicGames/Epic Games/4.14/Engine/Plugins/Runtime/MIDIDevice/MIDIDevice.uplugin
LogPluginManager: Loaded Plugin MobilePatchingUtils, From E:/EpicGames/Epic Games/4.14/Engine/Plugins/Runtime/MobilePatchingUtils/MobilePatchingUtils.uplugin
LogPluginManager: Loaded Plugin Ansel, From E:/EpicGames/Epic Games/4.14/Engine/Plugins/Runtime/Nvidia/Ansel/Ansel.uplugin
LogPluginManager: Loaded Plugin OculusAudio, From E:/EpicGames/Epic Games/4.14/Engine/Plugins/Runtime/OculusAudio/OculusAudio.uplugin
LogPluginManager: Loaded Plugin OculusInput, From E:/EpicGames/Epic Games/4.14/Engine/Plugins/Runtime/OculusInput/OculusInput.uplugin
LogPluginManager: Loaded Plugin OculusLibrary, From E:/EpicGames/Epic Games/4.14/Engine/Plugins/Runtime/OculusLibrary/OculusLibrary.uplugin
LogPluginManager: Loaded Plugin OculusRift, From E:/EpicGames/Epic Games/4.14/Engine/Plugins/Runtime/OculusRift/OculusRift.uplugin
LogPluginManager: Loaded Plugin Oodle, From E:/EpicGames/Epic Games/4.14/Engine/Plugins/Runtime/PacketHandlers/CompressionComponents/Oodle/Oodle.uplugin
LogPluginManager: Loaded Plugin ProceduralMeshComponent, From E:/EpicGames/Epic Games/4.14/Engine/Plugins/Runtime/ProceduralMeshComponent/ProceduralMeshComponent.uplugin
LogPluginManager: Loaded Plugin SoundMod, From E:/EpicGames/Epic Games/4.14/Engine/Plugins/Runtime/SoundMod/SoundMod.uplugin
LogPluginManager: Loaded Plugin SoundVisualizations, From E:/EpicGames/Epic Games/4.14/Engine/Plugins/Runtime/SoundVisualizations/SoundVisualizations.uplugin
LogPluginManager: Loaded Plugin SteamController, From E:/EpicGames/Epic Games/4.14/Engine/Plugins/Runtime/Steam/SteamController/SteamController.uplugin
LogPluginManager: Loaded Plugin SteamVR, From E:/EpicGames/Epic Games/4.14/Engine/Plugins/Runtime/Steam/SteamVR/SteamVR.uplugin
LogPluginManager: Loaded Plugin WebBrowserWidget, From E:/EpicGames/Epic Games/4.14/Engine/Plugins/Runtime/WebBrowserWidget/WebBrowserWidget.uplugin
LogPluginManager: Loaded Plugin WindowsDeviceProfileSelector, From E:/EpicGames/Epic Games/4.14/Engine/Plugins/Runtime/WindowsDeviceProfileSelector/WindowsDeviceProfileSelector.uplugin
LogPluginManager: Loaded Plugin WindowsMoviePlayer, From E:/EpicGames/Epic Games/4.14/Engine/Plugins/Runtime/WindowsMoviePlayer/WindowsMoviePlayer.uplugin
LogPluginManager: Loaded Plugin ScriptPlugin, From E:/EpicGames/Epic Games/4.14/Engine/Plugins/ScriptPlugin/ScriptPlugin.uplugin
LogPluginManager: Loaded Plugin SlateRemote, From E:/EpicGames/Epic Games/4.14/Engine/Plugins/Slate/SlateRemote/SlateRemote.uplugin
LogPluginManager: Loaded Plugin EditorTests, From E:/EpicGames/Epic Games/4.14/Engine/Plugins/Tests/EditorTests/EditorTests.uplugin
LogPluginManager: Loaded Plugin FbxAutomationTestBuilder, From E:/EpicGames/Epic Games/4.14/Engine/Plugins/Tests/FbxAutomationTestBuilder/FbxAutomationTestBuilder.uplugin
LogPluginManager: Loaded Plugin FunctionalTestingEditor, From E:/EpicGames/Epic Games/4.14/Engine/Plugins/Tests/FunctionalTestingEditor/FunctionalTestingEditor.uplugin
LogPluginManager: Loaded Plugin RuntimeTests, From E:/EpicGames/Epic Games/4.14/Engine/Plugins/Tests/RuntimeTests/RuntimeTests.uplugin
LogPluginManager: Loaded Plugin ScreenshotTools, From E:/EpicGames/Epic Games/4.14/Engine/Plugins/Tests/ScreenshotTools/ScreenshotTools.uplugin
LogInit: Using libcurl 7.47.1
LogInit:  - built for x86_64-pc-win32
LogInit:  - supports SSL with OpenSSL/1.0.2g
LogInit:  - supports HTTP deflate (compression) using libz 1.2.8
LogInit:  - other features:
LogInit:      CURL_VERSION_SSL
LogInit:      CURL_VERSION_LIBZ
LogInit:      CURL_VERSION_IPV6
LogInit:      CURL_VERSION_ASYNCHDNS
LogInit:      CURL_VERSION_LARGEFILE
LogInit:      CURL_VERSION_IDN
LogInit:  CurlRequestOptions (configurable via config and command line):
LogInit:  - bVerifyPeer = false  - Libcurl will NOT verify peer certificate
LogInit:  - bUseHttpProxy = false  - Libcurl will NOT use HTTP proxy
LogInit:  - bDontReuseConnections = false  - Libcurl will reuse connections
LogInit:  - CertBundlePath = nullptr  - Libcurl will use whatever was configured at build time.
LogInit: Build: ++UE4+Release-4.14-CL-3249277
LogInit: Engine Version: 4.14.3-3249277+++UE4+Release-4.14
LogInit: Compatible Engine Version: 4.14.0-3195953+++UE4+Release-4.14
LogInit: Net CL: 3195953
LogDevObjectVersion: Number of dev versions registered: 13
LogDevObjectVersion:   Dev-Blueprints (B0D832E4-1F89-4F0D-ACCF-7EB736FD4AA2): 7
LogDevObjectVersion:   Dev-Build (E1C64328-A22C-4D53-A36C-8E866417BD8C): 0
LogDevObjectVersion:   Dev-Core (375EC13C-06E4-48FB-B500-84F0262A717E): 1
LogDevObjectVersion:   Dev-Editor (E4B068ED-F494-42E9-A231-DA0B2E46BB41): 8
LogDevObjectVersion:   Dev-Framework (CFFC743F-43B0-4480-9391-14DF171D2073): 17
LogDevObjectVersion:   Dev-Mobile (B02B49B5-BB20-44E9-A304-32B752E40360): 0
LogDevObjectVersion:   Dev-Networking (A4E4105C-59A1-49B5-A7C5-40C4547EDFEE): 0
LogDevObjectVersion:   Dev-Online (39C831C9-5AE6-47DC-9A44-9C173E1C8E7C): 0
LogDevObjectVersion:   Dev-Physics (78F01B33-EBEA-4F98-B9B4-84EACCB95AA2): 0
LogDevObjectVersion:   Dev-Platform (6631380F-2D4D-43E0-8009-CF276956A95A): 0
LogDevObjectVersion:   Dev-Rendering (12F88B9F-8875-4AFC-A67C-D90C383ABD29): 12
LogDevObjectVersion:   Dev-Sequencer (7B5AE74C-D270-4C10-A958-57980B212A5A): 1
LogDevObjectVersion:   Dev-VR (D7296918-1DD6-4BDD-9DE2-64A83CC13884): 0
LogInit: Compiled (64-bit): Jan  6 2017 10:49:43
LogInit: Compiled with Visual C++: 19.00.23026.00
LogInit: Build Configuration: Development
LogInit: Branch Name: ++UE4+Release-4.14
LogInit: Command line:  
LogInit: Base directory: E:/EpicGames/Epic Games/4.14/Engine/Binaries/Win64/
LogInit: Installed Engine Build: 1
LogInit: Presizing for max 8388607 objects, including 0 objects not considered by GC, pre-allocating 0 bytes for permanent pool.
LogInit: Object subsystem initialized
[2017.02.27-10.53.45:921][  0]LogInit: Selected Device Profile: [Windows]
[2017.02.27-10.53.45:921][  0]LogInit: Applying CVar settings loaded from the selected device profile: [Windows]
[2017.02.27-10.53.45:953][  0]LogInit: Computer: FUTORA-6
[2017.02.27-10.53.45:953][  0]LogInit: User: de4th
[2017.02.27-10.53.45:953][  0]LogInit: CPU Page size=65536, Cores=4
[2017.02.27-10.53.45:953][  0]LogInit: High frequency timer resolution =3.328125 MHz
[2017.02.27-10.53.45:953][  0]LogMemory: Memory total: Physical=16.0GB (16GB approx)
[2017.02.27-10.53.45:953][  0]LogMemory: Platform Memory Stats for Windows
[2017.02.27-10.53.45:953][  0]LogMemory: Process Physical Memory: 265.65 MB used, 265.65 MB peak
[2017.02.27-10.53.45:953][  0]LogMemory: Process Virtual Memory: 262.73 MB used, 262.73 MB peak
[2017.02.27-10.53.45:953][  0]LogMemory: Physical Memory: 9247.13 MB used,  7088.89 MB free, 16336.02 MB total
[2017.02.27-10.53.45:953][  0]LogMemory: Virtual Memory: 676.42 MB used,  7088.89 MB free, 134217728.00 MB total
[2017.02.27-10.53.45:975][  0]LogTextLocalizationManager: No translations for ('de-DE') exist, falling back to 'en' for localization and internationalization data.
[2017.02.27-10.53.46:504][  0]LogD3D11RHI: D3D11 adapters:
[2017.02.27-10.53.46:533][  0]LogD3D11RHI:    0. 'AMD Radeon (TM) R9 390 Series' (Feature Level 11_0)
[2017.02.27-10.53.46:533][  0]LogD3D11RHI:       8169/0/8168 MB DedicatedVideo/DedicatedSystem/SharedSystem, Outputs:1, VendorId:0x1002
[2017.02.27-10.53.46:536][  0]LogD3D11RHI:    1. 'Microsoft Basic Render Driver' (Feature Level 11_0)
[2017.02.27-10.53.46:536][  0]LogD3D11RHI:       0/0/8168 MB DedicatedVideo/DedicatedSystem/SharedSystem, Outputs:0, VendorId:0x1414
[2017.02.27-10.53.46:536][  0]LogD3D11RHI: Chosen D3D11 Adapter: 0
[2017.02.27-10.53.46:547][  0]LogD3D11RHI: Creating new Direct3DDevice
[2017.02.27-10.53.46:547][  0]LogD3D11RHI:     GPU DeviceId: 0x67b1 (for the marketing name, search the web for "GPU Device Id")
[2017.02.27-10.53.46:547][  0]LogWindows: EnumDisplayDevices:
[2017.02.27-10.53.46:547][  0]LogWindows:    0. 'AMD Radeon (TM) R9 390 Series' (P:1 D:1)
[2017.02.27-10.53.46:548][  0]LogWindows:    1. 'AMD Radeon (TM) R9 390 Series' (P:0 D:0)
[2017.02.27-10.53.46:548][  0]LogWindows:    2. 'AMD Radeon (TM) R9 390 Series' (P:0 D:0)
[2017.02.27-10.53.46:548][  0]LogWindows:    3. 'AMD Radeon (TM) R9 390 Series' (P:0 D:0)
[2017.02.27-10.53.46:549][  0]LogWindows:    4. 'AMD Radeon (TM) R9 390 Series' (P:0 D:0)
[2017.02.27-10.53.46:549][  0]LogWindows:    5. 'AMD Radeon (TM) R9 390 Series' (P:0 D:0)
[2017.02.27-10.53.46:549][  0]LogWindows: DebugString: FoundDriverCount:6 
[2017.02.27-10.53.46:549][  0]LogD3D11RHI:     Adapter Name: AMD Radeon (TM) R9 390 Series
[2017.02.27-10.53.46:549][  0]LogD3D11RHI:   Driver Version: Crimson ReLive 17.1.1 (internal:21.19.411.0, unified:21.19.411.0)
[2017.02.27-10.53.46:549][  0]LogD3D11RHI:      Driver Date: 1-13-2017
[2017.02.27-10.53.46:549][  0]LogRHI: Texture pool is 1361 MB (70% of 1945 MB)
[2017.02.27-10.53.46:559][  0]LogD3D11RHI: Async texture creation enabled
[2017.02.27-10.53.46:571][  0]LogD3D11RHI: GPU Timing Frequency: 27.000000 (Debug: 2 1)
[2017.02.27-10.53.46:573][  0]LogShaderCompilers: Guid format shader working directory is -18 characters bigger than the processId version (../../../../../../Programme/PGTRacer/pgt-racing/PGT_Racing_Demo/Intermediate/Shaders/WorkingDirectory/14928/).
[2017.02.27-10.53.46:573][  0]LogShaderCompilers: Cleaned the shader compiler working directory 'C:/Users/de4th/AppData/Local/Temp/UnrealShaderWorkingDir/8939C6FC4215AF69749B02AC2CCD07DE/'.
[2017.02.27-10.53.46:573][  0]LogShaderCompilers:Display: Using Local Shader Compiler.
[2017.02.27-10.53.47:983][  0]LogTemp:Display: Loaded TP AllDesktopTargetPlatform
[2017.02.27-10.53.48:027][  0]LogTemp:Display: Loaded TP MacClientTargetPlatform
[2017.02.27-10.53.48:066][  0]LogTemp:Display: Loaded TP MacNoEditorTargetPlatform
[2017.02.27-10.53.48:106][  0]LogTemp:Display: Loaded TP MacServerTargetPlatform
[2017.02.27-10.53.48:146][  0]LogTemp:Display: Loaded TP MacTargetPlatform
[2017.02.27-10.53.48:187][  0]LogTemp:Display: Loaded TP WindowsClientTargetPlatform
[2017.02.27-10.53.48:226][  0]LogTemp:Display: Loaded TP WindowsNoEditorTargetPlatform
[2017.02.27-10.53.48:267][  0]LogTemp:Display: Loaded TP WindowsServerTargetPlatform
[2017.02.27-10.53.48:299][  0]LogTemp:Display: Loaded TP WindowsTargetPlatform
[2017.02.27-10.53.48:339][  0]LogTemp:Display: Loaded TP AndroidTargetPlatform
[2017.02.27-10.53.48:378][  0]LogTemp:Display: Loaded TP Android_ASTCTargetPlatform
[2017.02.27-10.53.48:418][  0]LogTemp:Display: Loaded TP Android_ATCTargetPlatform
[2017.02.27-10.53.48:456][  0]LogTemp:Display: Loaded TP Android_DXTTargetPlatform
[2017.02.27-10.53.48:494][  0]LogTemp:Display: Loaded TP Android_ETC1TargetPlatform
[2017.02.27-10.53.48:533][  0]LogTemp:Display: Loaded TP Android_ETC2TargetPlatform
[2017.02.27-10.53.48:613][  0]LogTemp:Display: Loaded TP Android_MultiTargetPlatform
[2017.02.27-10.53.48:613][  0]LogTemp:Display: Loaded TP Android_PVRTCTargetPlatform
[2017.02.27-10.53.48:637][  0]LogTemp:Display: Loaded TP HTML5TargetPlatform
[2017.02.27-10.53.48:703][  0]LogTemp:Display: Loaded TP IOSTargetPlatform
[2017.02.27-10.53.48:729][  0]LogTemp:Display: Loaded TP TVOSTargetPlatform
[2017.02.27-10.53.48:767][  0]LogTemp:Display: Loaded TP LinuxClientTargetPlatform
[2017.02.27-10.53.48:807][  0]LogTemp:Display: Loaded TP LinuxNoEditorTargetPlatform
[2017.02.27-10.53.48:846][  0]LogTemp:Display: Loaded TP LinuxServerTargetPlatform
[2017.02.27-10.53.48:887][  0]LogTemp:Display: Loaded TP LinuxTargetPlatform
[2017.02.27-10.53.48:887][  0]LogTargetPlatformManager:Display: Building Assets For Windows
[2017.02.27-10.53.49:165][  0]LogDerivedDataCache:Display: Max Cache Size: 512 MB
[2017.02.27-10.53.49:368][  0]LogDerivedDataCache: Loaded boot cache 0.20s 50MB C:/Users/de4th/AppData/Local/UnrealEngine/4.14/DerivedDataCache/Boot.ddc.
[2017.02.27-10.53.49:368][  0]LogDerivedDataCache:Display: Loaded Boot cache: C:/Users/de4th/AppData/Local/UnrealEngine/4.14/DerivedDataCache/Boot.ddc
[2017.02.27-10.53.49:368][  0]LogDerivedDataCache: FDerivedDataBackendGraph:  Pak pak cache file ../../../../../../Programme/PGTRacer/pgt-racing/PGT_Racing_Demo/DerivedDataCache/DDC.ddp not found, will not use a pak cache.
[2017.02.27-10.53.49:368][  0]LogDerivedDataCache: Unable to find inner node Pak for hierarchical cache Hierarchy.
[2017.02.27-10.53.49:368][  0]LogDerivedDataCache: FDerivedDataBackendGraph:  CompressedPak pak cache file ../../../../../../Programme/PGTRacer/pgt-racing/PGT_Racing_Demo/DerivedDataCache/Compressed.ddp not found, will not use a pak cache.
[2017.02.27-10.53.49:368][  0]LogDerivedDataCache: Unable to find inner node CompressedPak for hierarchical cache Hierarchy.
[2017.02.27-10.53.49:385][  0]LogDerivedDataCache:Display: Pak cache opened for reading ../../../Engine/DerivedDataCache/Compressed.ddp.
[2017.02.27-10.53.49:396][  0]LogDerivedDataCache: Using Local data cache path C:/Users/de4th/AppData/Local/UnrealEngine/Common/DerivedDataCache: Writable
[2017.02.27-10.53.49:580][  0]LogInit: Selected Device Profile: [Windows]
[2017.02.27-10.53.49:583][  0]LogContentStreaming: Texture pool size is 0.00 MB
[2017.02.27-10.53.49:746][  0]LogMeshUtilities: Using QuadricMeshReduction for automatic static mesh reduction
[2017.02.27-10.53.49:776][  0]LogSimplygon: Simplygon DLL not present - disabling.
[2017.02.27-10.53.49:811][  0]LogMeshUtilities: Using SimplygonSwarm for distributed automatic mesh merging
[2017.02.27-10.53.49:811][  0]LogMeshUtilities: No automatic skeletal mesh reduction module available
[2017.02.27-10.53.49:811][  0]LogMeshUtilities: No automatic mesh merging module available
[2017.02.27-10.53.50:267][  0]LogNetVersion: GetLocalNetworkVersion: CL: 3195953, ProjectName: pgt_racing_demo, ProjectVersion: , EngineNetworkVersion: 2, GameNetworkVersion: 0, NetworkChecksum: 962978755
[2017.02.27-10.53.50:316][  0]LogAssetRegistry: FAssetRegistry took 0.0215 seconds to start up
[2017.02.27-10.53.50:343][  0]LogPackageLocalizationCache: Processed 3 localized package path(s) for 1 prioritized culture(s) in 0.012310 seconds
[2017.02.27-10.53.50:348][  0]LogUObjectArray: 31946 objects as part of root set at end of initial load.
[2017.02.27-10.53.50:348][  0]LogUObjectAllocator: 6935848 out of 0 bytes used by permanent object pool.
[2017.02.27-10.53.50:348][  0]LogUObjectArray: CloseDisregardForGC: 0/0 objects in disregard for GC pool
[2017.02.27-10.53.50:393][  0]LogInit: WinSock: version 1.1 (2.2), MaxSocks=32767, MaxUdp=65467
[2017.02.27-10.53.50:933][  0]LogSlate: Using Freetype 2.6.0
[2017.02.27-10.53.50:933][  0]LogSlate: SlateFontCache - WITH_FREETYPE: 1, WITH_HARFBUZZ: 1
[2017.02.27-10.53.50:933][  0]LogSlate: SlateFontCache - WITH_FREETYPE: 1, WITH_HARFBUZZ: 1
[2017.02.27-10.53.51:626][  0]LogSubstanceCoreModule: Substance [CPU] Engine Loaded, Max Texture Size = 2048
[2017.02.27-10.53.51:645][  0]LogTcpMessaging: Initializing TcpMessaging bridge
[2017.02.27-10.53.51:676][  0]LogUdpMessaging: Initializing bridge on interface 0.0.0.0:0 to multicast group 230.0.0.1:6666.
[2017.02.27-10.53.51:910][  0]LogMaterial: Uniform references updated for custom material expression Custom.
[2017.02.27-10.53.52:178][  0]SourceControl: Info Source control is disabled
[2017.02.27-10.53.52:209][  0]SourceControl: Info Source control is disabled
[2017.02.27-10.53.52:241][  0]SourceControl: Info Source control is disabled
[2017.02.27-10.53.52:273][  0]SourceControl: Info Source control is disabled
[2017.02.27-10.53.53:160][  0]LogEngine: Initializing Engine...
[2017.02.27-10.53.58:280][  0]LogHMD: Failed to initialize OpenVR with code 308
[2017.02.27-10.53.58:478][  0]LogAIModule: Creating AISystem for world Untitled
[2017.02.27-10.53.58:504][  0]LogInit: XAudio2 using 'Speakers (USB Audio Device)' : 2 channels at 44.1 kHz using 16 bits per sample (channel mask 0x3)
[2017.02.27-10.53.58:515][  0]LogInit: FAudioDevice initialized.
[2017.02.27-10.53.58:545][  0]LogDerivedDataCache: Saved boot cache 0.03s 50MB C:/Users/de4th/AppData/Local/UnrealEngine/4.14/DerivedDataCache/Boot.ddc.
[2017.02.27-10.53.58:554][  0]LogInit: Texture streaming: Enabled
[2017.02.27-10.53.58:678][  0]LogInit: Transaction tracking system initialized
[2017.02.27-10.53.58:908][  0]BlueprintLog: New page: Editor Load
[2017.02.27-10.53.59:482][  0]LocalizationService: Info Localization service is disabled
[2017.02.27-10.53.59:905][  0]LogConsoleResponse:Display: 
[2017.02.27-10.54.00:071][  0]LogCook:Display: Max memory allowance for cook 16384mb min free memory 0mb
[2017.02.27-10.54.00:071][  0]LogCook:Display: Mobile HDR setting 1
[2017.02.27-10.54.00:498][  0]LogFileCache: Scanning file cache for directory 'E:/Programme/PGTRacer/pgt-racing/PGT_Racing_Demo/Content/' took 0.07s
[2017.02.27-10.54.00:692][  0]SourceControl: Info Source control is disabled
[2017.02.27-10.54.00:692][  0]Cmd: MAP LOAD FILE="../../../../../../Programme/PGTRacer/pgt-racing/PGT_Racing_Demo/Content/2DSideScrollerBP/Maps/2DSideScrollerExampleMap.umap" TEMPLATE=0 SHOWPROGRESS=1 FEATURELEVEL=3
[2017.02.27-10.54.00:692][  0]LightingResults: New page: Lighting Build
[2017.02.27-10.54.00:718][  0]MapCheck: New page: Map Check
[2017.02.27-10.54.00:718][  0]LightingResults: New page: Lighting Build
[2017.02.27-10.54.01:279][  0]LogBlueprint:Warning: [Compiler VehicleBlueprint] Warning InputAction Event references unknown Action 'ResetVR' for  K2Node_InputAction_45
[2017.02.27-10.54.01:279][  0]LogBlueprint:Warning: [Compiler VehicleBlueprint] Warning Get Input Axis references unknown Axis 'LookUp' for  K2Node_GetInputAxisValue_107
[2017.02.27-10.54.01:279][  0]LogBlueprint:Warning: [Compiler VehicleBlueprint] Warning Get Input Axis references unknown Axis 'LookRight' for  K2Node_GetInputAxisValue_102
[2017.02.27-10.54.01:279][  0]LogBlueprint:Warning: [Compiler VehicleBlueprint] Warning Input Axis Event references unknown Axis 'MoveRight' for  K2Node_InputAxisEvent_46
[2017.02.27-10.54.01:299][  0]LogBlueprint:Warning: [Compiler VehicleBlueprint] Warning [0016.88] Compile of VehicleBlueprint successful, but with 4 Warning(s) [in 11 ms] (/Game/VehicleAdvBP/Blueprints/VehicleBlueprint.VehicleBlueprint)
[2017.02.27-10.54.01:299][  0]LogBlueprint:Warning: [Compiler VehicleBlueprint] Warning [0016.89] Compile of VehicleBlueprint successful, but with 5 Warning(s) [in 0 ms] (/Game/VehicleAdvBP/Blueprints/VehicleBlueprint.VehicleBlueprint)
[2017.02.27-10.54.01:299][  0]LogBlueprint:Warning: [Compiler VehicleBlueprint] Warning [0016.89] Compile of VehicleBlueprint successful, but with 6 Warning(s) [in 0 ms] (/Game/VehicleAdvBP/Blueprints/VehicleBlueprint.VehicleBlueprint)
[2017.02.27-10.54.01:314][  0]LogBlueprint:Warning: [Compiler VehicleBlueprint] Warning InputAction Event references unknown Action 'ResetVR' for  K2Node_InputAction_45
[2017.02.27-10.54.01:314][  0]LogBlueprint:Warning: [Compiler VehicleBlueprint] Warning Get Input Axis references unknown Axis 'LookUp' for  K2Node_GetInputAxisValue_107
[2017.02.27-10.54.01:315][  0]LogBlueprint:Warning: [Compiler VehicleBlueprint] Warning Get Input Axis references unknown Axis 'LookRight' for  K2Node_GetInputAxisValue_102
[2017.02.27-10.54.01:315][  0]LogBlueprint:Warning: [Compiler VehicleBlueprint] Warning Input Axis Event references unknown Axis 'MoveRight' for  K2Node_InputAxisEvent_46
[2017.02.27-10.54.01:321][  0]LogBlueprint:Warning: [Compiler VehicleBlueprint] Warning [0016.92] Compile of VehicleBlueprint successful, but with 4 Warning(s) [in 9 ms] (/Game/VehicleAdvBP/Blueprints/VehicleBlueprint.VehicleBlueprint)
[2017.02.27-10.54.01:321][  0]LogBlueprint:Warning: [Compiler VehicleBlueprint] Warning [0016.92] Compile of VehicleBlueprint successful, but with 5 Warning(s) [in 0 ms] (/Game/VehicleAdvBP/Blueprints/VehicleBlueprint.VehicleBlueprint)
[2017.02.27-10.54.01:321][  0]LogBlueprint:Warning: [Compiler VehicleBlueprint] Warning [0016.92] Compile of VehicleBlueprint successful, but with 6 Warning(s) [in 0 ms] (/Game/VehicleAdvBP/Blueprints/VehicleBlueprint.VehicleBlueprint)
[2017.02.27-10.54.02:340][  0]LogAIModule: Creating AISystem for world 2DSideScrollerExampleMap
[2017.02.27-10.54.02:746][  0]LogEditorServer: Finished looking for orphan Actors (0.000 secs)
[2017.02.27-10.54.02:762][  0]Cmd: MAP CHECKDEP NOCLEARLOG
[2017.02.27-10.54.02:790][  0]MapCheck: Info Map check complete: 0 Error(s), 0 Warning(s), took 27.977ms to complete.
[2017.02.27-10.54.02:790][  0]LogFileHelpers: Loading map '2DSideScrollerExampleMap' took 2.099
[2017.02.27-10.54.02:966][  0]LogCollectionManager: Loaded 0 collections in 0.001171 seconds
[2017.02.27-10.54.03:028][  0]LogFileCache: Scanning file cache for directory 'E:/Programme/PGTRacer/pgt-racing/PGT_Racing_Demo/Saved/Collections/' took 0.01s
[2017.02.27-10.54.03:028][  0]LogFileCache: Scanning file cache for directory 'E:/Programme/PGTRacer/pgt-racing/PGT_Racing_Demo/Content/Developers/de4th/Collections/' took 0.01s
[2017.02.27-10.54.03:028][  0]LogFileCache: Scanning file cache for directory 'E:/Programme/PGTRacer/pgt-racing/PGT_Racing_Demo/Content/Collections/' took 0.01s
[2017.02.27-10.54.03:028][  0]LogCollectionManager: Rebuilt the GUID cache for 0 collections in 0.000001 seconds
[2017.02.27-10.54.03:036][  0]LogContentBrowser: Native class hierarchy populated in 0.0078 seconds. Added 2204 classes and 434 folders.
[2017.02.27-10.54.03:063][  0]LogStats: UGameplayTagsManager::ConstructGameplayTagTree: Construct from data asset -  0.000 s
[2017.02.27-10.54.03:063][  0]LogStats: UGameplayTagsManager::ConstructGameplayTagTree: GameplayTagTreeChangedEvent.Broadcast -  0.000 s
[2017.02.27-10.54.03:063][  0]LogContentBrowser: Native class hierarchy updated for 'GameplayTags' in 0.0005 seconds. Added 13 classes and 0 folders.
[2017.02.27-10.54.03:104][  0]LogContentBrowser: Native class hierarchy updated for 'WidgetCarousel' in 0.0004 seconds. Added 0 classes and 0 folders.
[2017.02.27-10.54.03:794][  0]LogContentBrowser: Native class hierarchy updated for 'AddContentDialog' in 0.0004 seconds. Added 0 classes and 0 folders.
[2017.02.27-10.54.03:839][  0]LogContentBrowser: Native class hierarchy updated for 'SceneOutliner' in 0.0004 seconds. Added 1 classes and 2 folders.
[2017.02.27-10.54.03:921][  0]LogCrashTracker: Crashtracker disabled due to settings.
[2017.02.27-10.54.03:926][  0]LogUObjectGlobals:Warning: Failed to find object 'Class None.'
[2017.02.27-10.54.03:976][  0]LogContentBrowser: Native class hierarchy updated for 'HierarchicalLODOutliner' in 0.0004 seconds. Added 1 classes and 2 folders.
[2017.02.27-10.54.03:976][  0]LogLoad: (Engine Initialization) Total time: 19.57 seconds
[2017.02.27-10.54.03:976][  0]LogLoad: (Engine Initialization) Total Blueprint compile time: 0.35 seconds
[2017.02.27-10.54.03:976][  0]LogExternalProfiler: Found external profiler: VSPerf
[2017.02.27-10.54.03:976][  0]LogExternalProfiler: Using external profiler: VSPerf
[2017.02.27-10.54.04:315][  0]LogOcInput: OculusInput pre-init called
[2017.02.27-10.54.04:374][  0]LogContentStreaming: Texture pool size now 1000 MB
[2017.02.27-10.54.05:022][  0]LogRenderer: Reallocating scene render targets to support 1616x808 NumSamples 1 (Frame:2).
[2017.02.27-10.54.05:056][  1]LogFileCache: Retrieving MD5 hashes for directory 'E:/Programme/PGTRacer/pgt-racing/PGT_Racing_Demo/Content/' took 0.73s
[2017.02.27-10.54.05:062][  1]LogAssetRegistry: Asset discovery search completed in 14.7680 seconds
[2017.02.27-10.54.05:062][  1]LogCollectionManager: Rebuilt the object cache for 0 collections in 0.000001 seconds (found 0 objects)
[2017.02.27-10.54.05:062][  1]LogCollectionManager: Fixed up redirectors for 0 collections in 0.000025 seconds (updated 0 objects)
[2017.02.27-10.54.08:720][ 12]LogEditorViewport: Clicking Background
[2017.02.27-10.54.19:215][236]LogTemp: Repeting last play command: Selected Viewport
[2017.02.27-10.54.19:242][236]LogBlueprintUserMessages: Early PlayInEditor Detection: Level '/Game/2DSideScrollerBP/Maps/2DSideScrollerExampleMap.2DSideScrollerExampleMap:PersistentLevel' has LevelScriptBlueprint '/Game/2DSideScrollerBP/Maps/2DSideScrollerExampleMap.2DSideScrollerExampleMap:PersistentLevel.2DSideScrollerExampleMap' with GeneratedClass '/Game/2DSideScrollerBP/Maps/2DSideScrollerExampleMap.2DSideScrollerExampleMap_C' with ClassGeneratedBy '/Game/2DSideScrollerBP/Maps/2DSideScrollerExampleMap.2DSideScrollerExampleMap:PersistentLevel.2DSideScrollerExampleMap'
[2017.02.27-10.54.19:306][236]LogPlayLevel: PlayLevel: No blueprints needed recompiling
[2017.02.27-10.54.19:461][236]PIE: New page: PIE session: 2DSideScrollerExampleMap (Feb 27, 2017, 12:54:19 PM)
[2017.02.27-10.54.19:473][236]LogPlayLevel: Creating play world package: /Game/2DSideScrollerBP/Maps/UEDPIE_0_2DSideScrollerExampleMap
[2017.02.27-10.54.19:556][236]LogPlayLevel: PIE: StaticDuplicateObject took: (0.082428s)
[2017.02.27-10.54.19:557][236]LogAIModule: Creating AISystem for world 2DSideScrollerExampleMap
[2017.02.27-10.54.19:575][236]LogPlayLevel: PIE: World Init took: (0.019651s)
[2017.02.27-10.54.19:592][236]LogPlayLevel: PIE: Created PIE world by copying editor world from /Game/2DSideScrollerBP/Maps/2DSideScrollerExampleMap.2DSideScrollerExampleMap to /Game/2DSideScrollerBP/Maps/UEDPIE_0_2DSideScrollerExampleMap.2DSideScrollerExampleMap (0.118714s)
[2017.02.27-10.54.19:664][236]LogInit: XAudio2 using 'Speakers (USB Audio Device)' : 2 channels at 44.1 kHz using 16 bits per sample (channel mask 0x3)
[2017.02.27-10.54.19:671][236]LogInit: FAudioDevice initialized.
[2017.02.27-10.54.19:850][236]LogLoad: Game class is '2DSideScrollerGameMode_C'
[2017.02.27-10.54.19:986][236]LogWorld: Bringing World /Game/2DSideScrollerBP/Maps/UEDPIE_0_2DSideScrollerExampleMap.2DSideScrollerExampleMap up for play (max tick rate 0) at 2017.02.27-11.54.19
[2017.02.27-10.54.20:031][236]LogWorld: Bringing up level for play took: 0.090640
[2017.02.27-10.54.20:128][236]LogContentBrowser: Native class hierarchy updated for 'MovieSceneCapture' in 0.0005 seconds. Added 11 classes and 0 folders.
[2017.02.27-10.54.20:228][236]PIE: Info Play in editor start time for /Game/2DSideScrollerBP/Maps/UEDPIE_0_2DSideScrollerExampleMap 1.547
[2017.02.27-10.54.20:228][236]LogBlueprintUserMessages: Late PlayInEditor Detection: Level '/Game/2DSideScrollerBP/Maps/2DSideScrollerExampleMap.2DSideScrollerExampleMap:PersistentLevel' has LevelScriptBlueprint '/Game/2DSideScrollerBP/Maps/2DSideScrollerExampleMap.2DSideScrollerExampleMap:PersistentLevel.2DSideScrollerExampleMap' with GeneratedClass '/Game/2DSideScrollerBP/Maps/2DSideScrollerExampleMap.2DSideScrollerExampleMap_C' with ClassGeneratedBy '/Game/2DSideScrollerBP/Maps/2DSideScrollerExampleMap.2DSideScrollerExampleMap:PersistentLevel.2DSideScrollerExampleMap'
[2017.02.27-10.54.37:584][221]LogBlueprintUserMessages: Early EndPlayMap Detection: Level '/Game/2DSideScrollerBP/Maps/2DSideScrollerExampleMap.2DSideScrollerExampleMap:PersistentLevel' has LevelScriptBlueprint '/Game/2DSideScrollerBP/Maps/2DSideScrollerExampleMap.2DSideScrollerExampleMap:PersistentLevel.2DSideScrollerExampleMap' with GeneratedClass '/Game/2DSideScrollerBP/Maps/2DSideScrollerExampleMap.2DSideScrollerExampleMap_C' with ClassGeneratedBy '/Game/2DSideScrollerBP/Maps/2DSideScrollerExampleMap.2DSideScrollerExampleMap:PersistentLevel.2DSideScrollerExampleMap'
[2017.02.27-10.54.37:872][221]LogBlueprintUserMessages: Late EndPlayMap Detection: Level '/Game/2DSideScrollerBP/Maps/2DSideScrollerExampleMap.2DSideScrollerExampleMap:PersistentLevel' has LevelScriptBlueprint '/Game/2DSideScrollerBP/Maps/2DSideScrollerExampleMap.2DSideScrollerExampleMap:PersistentLevel.2DSideScrollerExampleMap' with GeneratedClass '/Game/2DSideScrollerBP/Maps/2DSideScrollerExampleMap.2DSideScrollerExampleMap_C' with ClassGeneratedBy '/Game/2DSideScrollerBP/Maps/2DSideScrollerExampleMap.2DSideScrollerExampleMap:PersistentLevel.2DSideScrollerExampleMap'
[2017.02.27-10.54.44:898][  5]LogEditorViewport: Clicking on Actor (LMB): BP_2D_Vehicle_C (BP_2D_Vehicle)
[2017.02.27-10.54.45:034][  5]LogEditorViewport: Clicking on Component (LMB): PaperFlipbookComponent (PaperFlipbook_Bikeman)
[2017.02.27-10.54.48:230][244]LogContentBrowser: Native class hierarchy updated for 'BlueprintGraph' in 0.0008 seconds. Added 111 classes and 0 folders.
[2017.02.27-10.55.13:961][296]LogSlate: Only BGRA pngs, bmps or icos are supported in by External Image Picker
[2017.02.27-10.55.14:075][297]LogTemp:Display: Executing iPhonePackager certificates Engine -bundlename com.YourCompany.PGTRacingDemo

[2017.02.27-10.55.14:075][297]LogTemp:Display: CWD: E:\EpicGames\Epic Games\4.14\Engine\Binaries\DotNet\IOS

[2017.02.27-10.55.14:075][297]LogTemp:Display: Initial Dir: E:\EpicGames\Epic Games\4.14

[2017.02.27-10.55.14:075][297]LogTemp:Display: Env CWD: E:\EpicGames\Epic Games\4.14\Engine\Binaries\DotNet\IOS

[2017.02.27-10.55.14:075][297]LogTemp:Display: BranchPath = FUTORA-6/E/EpicGames/Epic Games/4.14/Engine/Binaries --- GameBranchPath = FUTORA-6/E/EpicGames/Epic Games/4.14/Engine/Binaries

[2017.02.27-10.55.14:075][297]LogTemp:Display: IPP ERROR: Application exception: System.IO.DirectoryNotFoundException: Could not find a part of the path 'C:\Users\de4th\AppData\Local\Apple Computer\MobileDevice\Provisioning Profiles'.

[2017.02.27-10.55.14:075][297]LogTemp:Display:    at System.IO.__Error.WinIOError(Int32 errorCode, String maybeFullPath)

[2017.02.27-10.55.14:075][297]LogTemp:Display:    at System.IO.FileSystemEnumerableIterator`1.CommonInit()

[2017.02.27-10.55.14:075][297]LogTemp:Display:    at System.IO.Directory.EnumerateFiles(String path, String searchPattern)

[2017.02.27-10.55.14:075][297]LogTemp:Display:    at iPhonePackager.CodeSignatureBuilder.FindProvisions(String CFBundleIdentifier)

[2017.02.27-10.55.14:075][297]LogTemp:Display:    at iPhonePackager.Program.Main(String[] args)

[2017.02.27-10.55.25:799][372]LogTemp: Repeting last play command: Selected Viewport
[2017.02.27-10.55.25:816][372]LogBlueprintUserMessages: Early PlayInEditor Detection: Level '/Game/2DSideScrollerBP/Maps/2DSideScrollerExampleMap.2DSideScrollerExampleMap:PersistentLevel' has LevelScriptBlueprint '/Game/2DSideScrollerBP/Maps/2DSideScrollerExampleMap.2DSideScrollerExampleMap:PersistentLevel.2DSideScrollerExampleMap' with GeneratedClass '/Game/2DSideScrollerBP/Maps/2DSideScrollerExampleMap.2DSideScrollerExampleMap_C' with ClassGeneratedBy '/Game/2DSideScrollerBP/Maps/2DSideScrollerExampleMap.2DSideScrollerExampleMap:PersistentLevel.2DSideScrollerExampleMap'
[2017.02.27-10.55.25:816][372]LogPlayLevel: PlayLevel: No blueprints needed recompiling
[2017.02.27-10.55.25:816][372]PIE: New page: PIE session: 2DSideScrollerExampleMap (Feb 27, 2017, 12:55:25 PM)
[2017.02.27-10.55.25:816][372]LogPlayLevel: Creating play world package: /Game/2DSideScrollerBP/Maps/UEDPIE_0_2DSideScrollerExampleMap
[2017.02.27-10.55.25:819][372]LogPlayLevel: PIE: StaticDuplicateObject took: (0.003087s)
[2017.02.27-10.55.25:820][372]LogAIModule: Creating AISystem for world 2DSideScrollerExampleMap
[2017.02.27-10.55.25:836][372]LogPlayLevel: PIE: World Init took: (0.016858s)
[2017.02.27-10.55.25:836][372]LogPlayLevel: PIE: Created PIE world by copying editor world from /Game/2DSideScrollerBP/Maps/2DSideScrollerExampleMap.2DSideScrollerExampleMap to /Game/2DSideScrollerBP/Maps/UEDPIE_0_2DSideScrollerExampleMap.2DSideScrollerExampleMap (0.020277s)
[2017.02.27-10.55.26:006][372]LogInit: XAudio2 using 'Speakers (USB Audio Device)' : 2 channels at 44.1 kHz using 16 bits per sample (channel mask 0x3)
[2017.02.27-10.55.26:014][372]LogInit: FAudioDevice initialized.
[2017.02.27-10.55.26:067][372]LogLoad: Game class is '2DSideScrollerGameMode_C'
[2017.02.27-10.55.26:071][372]LogWorld: Bringing World /Game/2DSideScrollerBP/Maps/UEDPIE_0_2DSideScrollerExampleMap.2DSideScrollerExampleMap up for play (max tick rate 0) at 2017.02.27-11.55.26
[2017.02.27-10.55.26:071][372]LogWorld: Bringing up level for play took: 0.003607
[2017.02.27-10.55.26:076][372]PIE: Info Play in editor start time for /Game/2DSideScrollerBP/Maps/UEDPIE_0_2DSideScrollerExampleMap -0.605
[2017.02.27-10.55.26:076][372]LogBlueprintUserMessages: Late PlayInEditor Detection: Level '/Game/2DSideScrollerBP/Maps/2DSideScrollerExampleMap.2DSideScrollerExampleMap:PersistentLevel' has LevelScriptBlueprint '/Game/2DSideScrollerBP/Maps/2DSideScrollerExampleMap.2DSideScrollerExampleMap:PersistentLevel.2DSideScrollerExampleMap' with GeneratedClass '/Game/2DSideScrollerBP/Maps/2DSideScrollerExampleMap.2DSideScrollerExampleMap_C' with ClassGeneratedBy '/Game/2DSideScrollerBP/Maps/2DSideScrollerExampleMap.2DSideScrollerExampleMap:PersistentLevel.2DSideScrollerExampleMap'
[2017.02.27-10.55.39:596][961]LogBlueprintUserMessages: Early EndPlayMap Detection: Level '/Game/2DSideScrollerBP/Maps/2DSideScrollerExampleMap.2DSideScrollerExampleMap:PersistentLevel' has LevelScriptBlueprint '/Game/2DSideScrollerBP/Maps/2DSideScrollerExampleMap.2DSideScrollerExampleMap:PersistentLevel.2DSideScrollerExampleMap' with GeneratedClass '/Game/2DSideScrollerBP/Maps/2DSideScrollerExampleMap.2DSideScrollerExampleMap_C' with ClassGeneratedBy '/Game/2DSideScrollerBP/Maps/2DSideScrollerExampleMap.2DSideScrollerExampleMap:PersistentLevel.2DSideScrollerExampleMap'
[2017.02.27-10.55.39:660][961]LogBlueprintUserMessages: Late EndPlayMap Detection: Level '/Game/2DSideScrollerBP/Maps/2DSideScrollerExampleMap.2DSideScrollerExampleMap:PersistentLevel' has LevelScriptBlueprint '/Game/2DSideScrollerBP/Maps/2DSideScrollerExampleMap.2DSideScrollerExampleMap:PersistentLevel.2DSideScrollerExampleMap' with GeneratedClass '/Game/2DSideScrollerBP/Maps/2DSideScrollerExampleMap.2DSideScrollerExampleMap_C' with ClassGeneratedBy '/Game/2DSideScrollerBP/Maps/2DSideScrollerExampleMap.2DSideScrollerExampleMap:PersistentLevel.2DSideScrollerExampleMap'
[2017.02.27-10.55.46:505][686]LogWindowsTextInputMethodSystem:Display: IME system now deactivated.
[2017.02.27-10.55.46:835][687]Cmd: QUIT_EDITOR
[2017.02.27-10.55.47:642][687]LogExit: Preparing to exit.
[2017.02.27-10.55.48:836][687]LogDirectoryWatcher: A directory notification for 'E:/Programme/PGTRacer/pgt-racing/PGT_Racing_Demo/Content/' was aborted.
[2017.02.27-10.55.48:863][687]LogExit: Editor shut down
[2017.02.27-10.55.48:863][687]LogExit: Transaction tracking system shut down
[2017.02.27-10.55.48:945][687]LogObj: Freed 0b from 0 cluster array pools.
[2017.02.27-10.55.48:945][687]LogExit: Object subsystem successfully closed.
[2017.02.27-10.55.48:959][687]LogD3D11RHI: Shutdown
[2017.02.27-10.55.48:959][687]LogD3D11RHI: CleanupD3DDevice
[2017.02.27-10.55.49:072][687]LogD3D11RHI: ~FD3D11DynamicRHI
[2017.02.27-10.55.49:098][687]LogHttp:Display: Http module shutting down, but needs to wait on 1 outstanding Http requests:
[2017.02.27-10.55.49:098][687]LogHttp:Display: 	verb=[POST] url=[https://datarouter.ol.epicgames.com/datarouter/api/v1/public/data?SessionID=%7BC7BAD0B7-4956-6543-033B-DBAF2E431644%7D&AppID=UEEditor.Rocket.Release&AppVersion=4.14.3-3249277%2B%2B%2BUE4%2BRelease-4.14&UserID=a8a1e86f4ec0aba7bee53b88c206df42%7C7eb443b178bb4125a46e9218417c8dd2%7C9e560232-d278-4f5a-a7a2-d09b78454d95&AppEnvironment=datacollector-binary&UploadType=eteventstream] status=Processing
[2017.02.27-10.55.49:111][687]LogModuleManager: Shutting down and abandoning module ExternalImagePicker (247)
[2017.02.27-10.55.49:111][687]LogModuleManager: Shutting down and abandoning module BlueprintGraph (246)
[2017.02.27-10.55.49:111][687]LogModuleManager: Shutting down and abandoning module BlueprintProfiler (245)
[2017.02.27-10.55.49:113][687]LogModuleManager: Shutting down and abandoning module MovieSceneCapture (244)
[2017.02.27-10.55.49:113][687]LogModuleManager: Shutting down and abandoning module HierarchicalLODOutliner (243)
[2017.02.27-10.55.49:113][687]LogModuleManager: Shutting down and abandoning module CrashTracker (242)
[2017.02.27-10.55.49:113][687]LogModuleManager: Shutting down and abandoning module SceneOutliner (241)
[2017.02.27-10.55.49:113][687]LogModuleManager: Shutting down and abandoning module WidgetCarousel (240)
[2017.02.27-10.55.49:113][687]LogModuleManager: Shutting down and abandoning module AddContentDialog (239)
[2017.02.27-10.55.49:123][687]LogDirectoryWatcher: A directory notification for 'E:/EpicGames/Epic Games/4.14/FeaturePacks/' was aborted.
[2017.02.27-10.55.49:124][687]LogModuleManager: Shutting down and abandoning module GameplayTags (238)
[2017.02.27-10.55.49:124][687]LogModuleManager: Shutting down and abandoning module EditorWidgets (237)
[2017.02.27-10.55.49:124][687]LogModuleManager: Shutting down and abandoning module CollectionManager (236)
[2017.02.27-10.55.49:124][687]LogDirectoryWatcher: A directory notification for 'E:/Programme/PGTRacer/pgt-racing/PGT_Racing_Demo/Content/Collections/' was aborted.
[2017.02.27-10.55.49:124][687]LogDirectoryWatcher: A directory notification for 'E:/Programme/PGTRacer/pgt-racing/PGT_Racing_Demo/Content/Developers/de4th/Collections/' was aborted.
[2017.02.27-10.55.49:124][687]LogDirectoryWatcher: A directory notification for 'E:/Programme/PGTRacer/pgt-racing/PGT_Racing_Demo/Saved/Collections/' was aborted.
[2017.02.27-10.55.49:124][687]LogModuleManager: Shutting down and abandoning module StatsViewer (235)
[2017.02.27-10.55.49:124][687]LogModuleManager: Shutting down and abandoning module FoliageEdit (234)
[2017.02.27-10.55.49:124][687]LogModuleManager: Shutting down and abandoning module LandscapeEditor (233)
[2017.02.27-10.55.49:133][687]LogModuleManager: Shutting down and abandoning module SceneDepthPickerMode (232)
[2017.02.27-10.55.49:133][687]LogModuleManager: Shutting down and abandoning module ActorPickerMode (231)
[2017.02.27-10.55.49:133][687]LogModuleManager: Shutting down and abandoning module GeometryMode (230)
[2017.02.27-10.55.49:133][687]LogModuleManager: Shutting down and abandoning module TextureAlignMode (229)
[2017.02.27-10.55.49:133][687]LogModuleManager: Shutting down and abandoning module BspMode (228)
[2017.02.27-10.55.49:133][687]LogModuleManager: Shutting down and abandoning module HardwareSurvey (227)
[2017.02.27-10.55.49:133][687]LogModuleManager: Shutting down and abandoning module SequenceRecorderSections (226)
[2017.02.27-10.55.49:133][687]LogModuleManager: Shutting down and abandoning module AutomationWorker (225)
[2017.02.27-10.55.49:133][687]LogModuleManager: Shutting down and abandoning module MatineeToLevelSequence (224)
[2017.02.27-10.55.49:133][687]LogModuleManager: Shutting down and abandoning module PlacementMode (223)
[2017.02.27-10.55.49:133][687]LogModuleManager: Shutting down and abandoning module LevelSequenceEditor (222)
[2017.02.27-10.55.49:167][687]LogModuleManager: Shutting down and abandoning module WmfMediaFactory (221)
[2017.02.27-10.55.49:167][687]LogModuleManager: Shutting down and abandoning module WmfMediaEditor (220)
[2017.02.27-10.55.49:167][687]LogModuleManager: Shutting down and abandoning module AvfMediaFactory (219)
[2017.02.27-10.55.49:167][687]LogModuleManager: Shutting down and abandoning module AvfMediaEditor (218)
[2017.02.27-10.55.49:167][687]LogModuleManager: Shutting down and abandoning module Media (217)
[2017.02.27-10.55.49:167][687]LogModuleManager: Shutting down and abandoning module AndroidMediaFactory (216)
[2017.02.27-10.55.49:167][687]LogModuleManager: Shutting down and abandoning module AndroidMediaEditor (215)
[2017.02.27-10.55.49:167][687]LogModuleManager: Shutting down and abandoning module CharacterAI (214)
[2017.02.27-10.55.49:167][687]LogModuleManager: Shutting down and abandoning module SequenceRecorder (213)
[2017.02.27-10.55.49:167][687]LogModuleManager: Shutting down and abandoning module AudioCapture (212)
[2017.02.27-10.55.49:167][687]LogModuleManager: Shutting down and abandoning module SmartSnapping (211)
[2017.02.27-10.55.49:167][687]LogModuleManager: Shutting down and abandoning module SessionServices (210)
[2017.02.27-10.55.49:167][687]LogModuleManager: Shutting down and abandoning module ViewportSnapping (209)
[2017.02.27-10.55.49:167][687]LogModuleManager: Shutting down and abandoning module ViewportInteraction (208)
[2017.02.27-10.55.49:167][687]LogModuleManager: Shutting down and abandoning module LogVisualizer (207)
[2017.02.27-10.55.49:167][687]LogModuleManager: Shutting down and abandoning module GameProjectGeneration (206)
[2017.02.27-10.55.49:167][687]LogModuleManager: Shutting down and abandoning module IntroTutorials (205)
[2017.02.27-10.55.49:167][687]LogModuleManager: Shutting down and abandoning module EditorLiveStreaming (204)
[2017.02.27-10.55.49:167][687]LogModuleManager: Shutting down and abandoning module IOSPlatformEditor (203)
[2017.02.27-10.55.49:167][687]LogModuleManager: Shutting down and abandoning module HTML5PlatformEditor (202)
[2017.02.27-10.55.49:167][687]LogModuleManager: Shutting down and abandoning module AndroidDeviceDetection (201)
[2017.02.27-10.55.49:744][687]LogModuleManager: Shutting down and abandoning module AndroidPlatformEditor (200)
[2017.02.27-10.55.49:745][687]LogModuleManager: Shutting down and abandoning module IOSRuntimeSettings (199)
[2017.02.27-10.55.49:745][687]LogModuleManager: Shutting down and abandoning module AndroidRuntimeSettings (198)
[2017.02.27-10.55.49:745][687]LogModuleManager: Shutting down and abandoning module InputBindingEditor (197)
[2017.02.27-10.55.49:745][687]LogModuleManager: Shutting down and abandoning module NiagaraEditor (196)
[2017.02.27-10.55.49:745][687]LogModuleManager: Shutting down and abandoning module MergeActors (195)
[2017.02.27-10.55.49:745][687]LogModuleManager: Shutting down and abandoning module SizeMap (194)
[2017.02.27-10.55.49:745][687]LogModuleManager: Shutting down and abandoning module TreeMap (193)
[2017.02.27-10.55.49:745][687]LogModuleManager: Shutting down and abandoning module ReferenceViewer (192)
[2017.02.27-10.55.49:745][687]LogModuleManager: Shutting down and abandoning module LocalizationService (191)
[2017.02.27-10.55.49:745][687]LogModuleManager: Shutting down and abandoning module LocalizationDashboard (190)
[2017.02.27-10.55.49:745][687]LogModuleManager: Shutting down and abandoning module HardwareTargeting (189)
[2017.02.27-10.55.49:745][687]LogModuleManager: Shutting down and abandoning module DeviceProfileEditor (188)
[2017.02.27-10.55.49:745][687]LogModuleManager: Shutting down and abandoning module UndoHistory (187)
[2017.02.27-10.55.49:745][687]LogModuleManager: Shutting down and abandoning module UserFeedback (186)
[2017.02.27-10.55.49:745][687]LogModuleManager: Shutting down and abandoning module XmlParser (185)
[2017.02.27-10.55.49:745][687]LogModuleManager: Shutting down and abandoning module Blutility (184)
[2017.02.27-10.55.49:745][687]LogModuleManager: Shutting down and abandoning module ProjectTargetPlatformEditor (183)
[2017.02.27-10.55.49:745][687]LogModuleManager: Shutting down and abandoning module ProjectSettingsViewer (182)
[2017.02.27-10.55.49:745][687]LogModuleManager: Shutting down and abandoning module EditorSettingsViewer (181)
[2017.02.27-10.55.49:745][687]LogModuleManager: Shutting down and abandoning module SettingsEditor (180)
[2017.02.27-10.55.49:745][687]LogModuleManager: Shutting down and abandoning module ProjectLauncher (179)
[2017.02.27-10.55.49:745][687]LogModuleManager: Shutting down and abandoning module SessionFrontend (178)
[2017.02.27-10.55.49:745][687]LogModuleManager: Shutting down and abandoning module ProfilerClient (177)
[2017.02.27-10.55.49:745][687]LogModuleManager: Shutting down and abandoning module TargetDeviceServices (176)
[2017.02.27-10.55.49:745][687]LogModuleManager: Shutting down and abandoning module DeviceManager (175)
[2017.02.27-10.55.49:798][687]LogModuleManager: Shutting down and abandoning module AutomationController (174)
[2017.02.27-10.55.49:798][687]LogModuleManager: Shutting down and abandoning module AutomationWindow (173)
[2017.02.27-10.55.49:798][687]LogModuleManager: Shutting down and abandoning module Layers (172)
[2017.02.27-10.55.49:816][687]LogModuleManager: Shutting down and abandoning module ComponentVisualizers (171)
[2017.02.27-10.55.49:816][687]LogModuleManager: Shutting down and abandoning module DetailCustomizations (170)
[2017.02.27-10.55.49:816][687]LogModuleManager: Shutting down and abandoning module PackagesDialog (169)
[2017.02.27-10.55.49:816][687]LogModuleManager: Shutting down and abandoning module AnimGraph (168)
[2017.02.27-10.55.49:816][687]LogModuleManager: Shutting down and abandoning module Persona (167)
[2017.02.27-10.55.49:816][687]LogModuleManager: Shutting down and abandoning module Kismet (166)
[2017.02.27-10.55.49:822][687]LogModuleManager: Shutting down and abandoning module GraphEditor (165)
[2017.02.27-10.55.49:822][687]LogModuleManager: Shutting down and abandoning module ClassViewer (164)
[2017.02.27-10.55.49:822][687]LogModuleManager: Shutting down and abandoning module Toolbox (163)
[2017.02.27-10.55.49:822][687]LogModuleManager: Shutting down and abandoning module ModuleUI (162)
[2017.02.27-10.55.49:822][687]LogModuleManager: Shutting down and abandoning module MovieSceneTools (161)
[2017.02.27-10.55.49:822][687]LogModuleManager: Shutting down and abandoning module OutputLog (160)
[2017.02.27-10.55.49:822][687]LogModuleManager: Shutting down and abandoning module GammaUI (159)
[2017.02.27-10.55.49:822][687]LogModuleManager: Shutting down and abandoning module Documentation (158)
[2017.02.27-10.55.49:822][687]LogModuleManager: Shutting down and abandoning module Niagara (157)
[2017.02.27-10.55.49:822][687]LogModuleManager: Shutting down and abandoning module StreamingPauseRendering (156)
[2017.02.27-10.55.49:822][687]LogModuleManager: Shutting down and abandoning module AnalyticsET (155)
[2017.02.27-10.55.49:822][687]LogModuleManager: Shutting down and abandoning module PortalServices (154)
[2017.02.27-10.55.49:822][687]LogModuleManager: Shutting down and abandoning module PortalRpc (153)
[2017.02.27-10.55.49:822][687]LogModuleManager: Shutting down and abandoning module MessagingRpc (152)
[2017.02.27-10.55.49:822][687]LogModuleManager: Shutting down and abandoning module GameplayDebugger (151)
[2017.02.27-10.55.49:822][687]LogModuleManager: Shutting down and abandoning module AITestSuite (150)
[2017.02.27-10.55.49:822][687]LogModuleManager: Shutting down and abandoning module AIModule (149)
[2017.02.27-10.55.49:822][687]LogModuleManager: Shutting down and abandoning module ProfilerService (148)
[2017.02.27-10.55.50:012][687]LogModuleManager: Shutting down and abandoning module TaskGraph (147)
[2017.02.27-10.55.50:012][687]LogModuleManager: Shutting down and abandoning module SubstanceEditor (146)
[2017.02.27-10.55.50:012][687]LogModuleManager: Shutting down and abandoning module SlateRemote (145)
[2017.02.27-10.55.50:012][687]LogModuleManager: Shutting down and abandoning module SteamVRController (144)
[2017.02.27-10.55.50:012][687]LogModuleManager: Shutting down and abandoning module SteamVR (143)
[2017.02.27-10.55.50:012][687]LogModuleManager: Shutting down and abandoning module ProceduralMeshComponentEditor (142)
[2017.02.27-10.55.50:012][687]LogModuleManager: Shutting down and abandoning module ProceduralMeshComponent (141)
[2017.02.27-10.55.50:012][687]LogModuleManager: Shutting down and abandoning module OculusLibrary (140)
[2017.02.27-10.55.50:012][687]LogModuleManager: Shutting down and abandoning module OculusInput (139)
[2017.02.27-10.55.50:012][687]LogModuleManager: Shutting down and abandoning module MobilePatchingUtils (138)
[2017.02.27-10.55.50:012][687]LogModuleManager: Shutting down and abandoning module CustomMeshComponent (137)
[2017.02.27-10.55.50:012][687]LogModuleManager: Shutting down and abandoning module CableComponent (136)
[2017.02.27-10.55.50:012][687]LogModuleManager: Shutting down and abandoning module ArchVisCharacter (135)
[2017.02.27-10.55.50:012][687]LogModuleManager: Shutting down and abandoning module MediaPlayerEditor (133)
[2017.02.27-10.55.50:012][687]LogModuleManager: Shutting down and abandoning module HTML5Networking (132)
[2017.02.27-10.55.50:012][687]LogModuleManager: Shutting down and abandoning module GeometryCacheEd (131)
[2017.02.27-10.55.50:012][687]LogModuleManager: Shutting down and abandoning module GeometryCache (130)
[2017.02.27-10.55.50:012][687]LogModuleManager: Shutting down and abandoning module AlembicLibrary (129)
[2017.02.27-10.55.50:012][687]LogModuleManager: Shutting down and abandoning module AlembicImporter (128)
[2017.02.27-10.55.50:012][687]LogModuleManager: Shutting down and abandoning module SuperSearch (127)
[2017.02.27-10.55.50:012][687]LogModuleManager: Shutting down and abandoning module SuperSearchEditor (126)
[2017.02.27-10.55.50:012][687]LogModuleManager: Shutting down and abandoning module SpeedTreeImporter (125)
[2017.02.27-10.55.50:012][687]LogModuleManager: Shutting down and abandoning module PluginBrowser (124)
[2017.02.27-10.55.50:012][687]LogModuleManager: Shutting down and abandoning module MobileLauncherProfileWizard (123)
[2017.02.27-10.55.50:012][687]LogModuleManager: Shutting down and abandoning module EpicSurvey (122)
[2017.02.27-10.55.50:053][687]LogModuleManager: Shutting down and abandoning module DesktopPlatform (121)
[2017.02.27-10.55.50:053][687]LogModuleManager: Shutting down and abandoning module VisualStudioSourceCodeAccess (120)
[2017.02.27-10.55.50:053][687]LogModuleManager: Shutting down and abandoning module UObjectPlugin (119)
[2017.02.27-10.55.50:053][687]LogModuleManager: Shutting down and abandoning module SubversionSourceControl (118)
[2017.02.27-10.55.50:053][687]LogModuleManager: Shutting down and abandoning module PerforceSourceControl (117)
[2017.02.27-10.55.50:053][687]LogModuleManager: Shutting down and abandoning module SourceControl (116)
[2017.02.27-10.55.50:053][687]LogModuleManager: Shutting down and abandoning module GitSourceControl (115)
[2017.02.27-10.55.50:053][687]LogModuleManager: Shutting down and abandoning module LightPropagationVolumeEditor (114)
[2017.02.27-10.55.50:053][687]LogModuleManager: Shutting down and abandoning module PaperTiledImporter (113)
[2017.02.27-10.55.50:053][687]LogModuleManager: Shutting down and abandoning module PaperSpriteSheetImporter (112)
[2017.02.27-10.55.50:053][687]LogModuleManager: Shutting down and abandoning module MeshPaint (111)
[2017.02.27-10.55.50:053][687]LogModuleManager: Shutting down and abandoning module PixelInspectorModule (110)
[2017.02.27-10.55.50:053][687]LogModuleManager: Shutting down and abandoning module HotReload (109)
[2017.02.27-10.55.50:054][687]LogModuleManager: Shutting down and abandoning module MainFrame (108)
[2017.02.27-10.55.50:054][687]LogModuleManager: Shutting down and abandoning module LevelEditor (107)
[2017.02.27-10.55.50:054][687]LogModuleManager: Shutting down and abandoning module ContentBrowser (106)
[2017.02.27-10.55.50:055][687]LogModuleManager: Shutting down and abandoning module Paper2DEditor (105)
[2017.02.27-10.55.50:055][687]LogModuleManager: Shutting down and abandoning module UdpMessaging (104)
[2017.02.27-10.55.50:155][687]LogModuleManager: Shutting down and abandoning module TcpMessaging (103)
[2017.02.27-10.55.50:255][687]LogModuleManager: Shutting down and abandoning module SubstanceCore (102)
[2017.02.27-10.55.50:255][687]LogModuleManager: Shutting down and abandoning module LightPropagationVolumeRuntime (101)
[2017.02.27-10.55.50:255][687]LogModuleManager: Shutting down and abandoning module Paper2D (100)
[2017.02.27-10.55.50:255][687]LogModuleManager: Shutting down and abandoning module WindowsMoviePlayer (99)
[2017.02.27-10.55.50:255][687]LogModuleManager: Shutting down and abandoning module WmfMedia (98)
[2017.02.27-10.55.50:255][687]LogModuleManager: Shutting down and abandoning module MediaAssets (97)
[2017.02.27-10.55.50:255][687]LogModuleManager: Shutting down and abandoning module GameLiveStreaming (96)
[2017.02.27-10.55.50:255][687]LogModuleManager: Shutting down and abandoning module GameplayTagsEditor (95)
[2017.02.27-10.55.50:255][687]LogModuleManager: Shutting down and abandoning module VREditor (94)
[2017.02.27-10.55.50:255][687]LogModuleManager: Shutting down and abandoning module GameplayTasksEditor (93)
[2017.02.27-10.55.50:255][687]LogModuleManager: Shutting down and abandoning module BehaviorTreeEditor (92)
[2017.02.27-10.55.50:256][687]LogModuleManager: Shutting down and abandoning module FunctionalTesting (91)
[2017.02.27-10.55.50:256][687]LogModuleManager: Shutting down and abandoning module CollisionAnalyzer (90)
[2017.02.27-10.55.50:256][687]LogModuleManager: Shutting down and abandoning module Sequencer (89)
[2017.02.27-10.55.50:268][687]LogModuleManager: Shutting down and abandoning module WorkspaceMenuStructure (88)
[2017.02.27-10.55.50:268][687]LogModuleManager: Shutting down and abandoning module MessageLog (87)
[2017.02.27-10.55.50:268][687]LogModuleManager: Shutting down and abandoning module AssetTools (86)
[2017.02.27-10.55.50:268][687]LogModuleManager: Shutting down and abandoning module UMGEditor (85)
[2017.02.27-10.55.50:268][687]LogModuleManager: Shutting down and abandoning module UMG (84)
[2017.02.27-10.55.50:268][687]LogModuleManager: Shutting down and abandoning module SlateReflector (83)
[2017.02.27-10.55.50:268][687]LogModuleManager: Shutting down and abandoning module Slate (82)
[2017.02.27-10.55.50:268][687]LogModuleManager: Shutting down and abandoning module EditorStyle (81)
[2017.02.27-10.55.50:270][687]LogModuleManager: Shutting down and abandoning module SourceCodeAccess (80)
[2017.02.27-10.55.50:270][687]LogModuleManager: Shutting down and abandoning module HeadMountedDisplay (79)
[2017.02.27-10.55.50:270][687]LogModuleManager: Shutting down and abandoning module XAudio2 (78)
[2017.02.27-10.55.50:270][687]LogModuleManager: Shutting down and abandoning module Networking (76)
[2017.02.27-10.55.50:270][687]LogModuleManager: Shutting down and abandoning module Core (75)
[2017.02.27-10.55.50:270][687]LogModuleManager: Shutting down and abandoning module DirectoryWatcher (74)
[2017.02.27-10.55.50:270][687]LogDirectoryWatcher: A directory notification for '../../../Engine/Content/' was aborted.
[2017.02.27-10.55.50:270][687]LogDirectoryWatcher: A directory notification for '../../../../../../Programme/PGTRacer/pgt-racing/PGT_Racing_Demo/Content/' was aborted.
[2017.02.27-10.55.50:270][687]LogDirectoryWatcher: A directory notification for '../../../Engine/Plugins/2D/Paper2D/Content/' was aborted.
[2017.02.27-10.55.50:270][687]LogModuleManager: Shutting down and abandoning module AssetRegistry (73)
[2017.02.27-10.55.50:349][687]LogModuleManager: Shutting down and abandoning module KismetCompiler (72)
[2017.02.27-10.55.50:349][687]LogModuleManager: Shutting down and abandoning module PhysXFormats (71)
[2017.02.27-10.55.50:349][687]LogModuleManager: Shutting down and abandoning module SimplygonSwarm (70)
[2017.02.27-10.55.50:349][687]LogModuleManager: Shutting down and abandoning module SimplygonMeshReduction (69)
[2017.02.27-10.55.50:349][687]LogModuleManager: Shutting down and abandoning module QuadricMeshReduction (68)
[2017.02.27-10.55.50:349][687]LogModuleManager: Shutting down and abandoning module PropertyEditor (67)
[2017.02.27-10.55.50:349][687]LogModuleManager: Shutting down and abandoning module MeshUtilities (66)
[2017.02.27-10.55.50:349][687]LogModuleManager: Shutting down and abandoning module DerivedDataCache (65)
[2017.02.27-10.55.50:447][687]LogDerivedDataCache: Shutdown
[2017.02.27-10.55.50:447][687]LogModuleManager: Shutting down and abandoning module VulkanShaderFormat (64)
[2017.02.27-10.55.50:447][687]LogModuleManager: Shutting down and abandoning module ShaderFormatOpenGL (63)
[2017.02.27-10.55.50:447][687]LogModuleManager: Shutting down and abandoning module ShaderFormatD3D (62)
[2017.02.27-10.55.50:447][687]LogModuleManager: Shutting down and abandoning module MetalShaderFormat (61)
[2017.02.27-10.55.50:447][687]LogModuleManager: Shutting down and abandoning module TextureFormatUncompressed (60)
[2017.02.27-10.55.50:447][687]LogModuleManager: Shutting down and abandoning module TextureFormatPVR (59)
[2017.02.27-10.55.50:447][687]LogModuleManager: Shutting down and abandoning module TextureFormatDXT (58)
[2017.02.27-10.55.50:447][687]LogModuleManager: Shutting down and abandoning module TextureFormatIntelISPCTexComp (57)
[2017.02.27-10.55.50:447][687]LogModuleManager: Shutting down and abandoning module ImageWrapper (56)
[2017.02.27-10.55.50:447][687]LogModuleManager: Shutting down and abandoning module TextureFormatASTC (55)
[2017.02.27-10.55.50:447][687]LogModuleManager: Shutting down and abandoning module TextureFormatAndroid (54)
[2017.02.27-10.55.50:447][687]LogModuleManager: Shutting down and abandoning module AudioFormatOpus (53)
[2017.02.27-10.55.50:447][687]LogModuleManager: Shutting down and abandoning module AudioFormatOgg (52)
[2017.02.27-10.55.50:447][687]LogModuleManager: Shutting down and abandoning module AudioFormatADPCM (51)
[2017.02.27-10.55.50:447][687]LogModuleManager: Shutting down and abandoning module LinuxTargetPlatform (50)
[2017.02.27-10.55.50:447][687]LogModuleManager: Shutting down and abandoning module LinuxServerTargetPlatform (49)
[2017.02.27-10.55.50:447][687]LogModuleManager: Shutting down and abandoning module LinuxNoEditorTargetPlatform (48)
[2017.02.27-10.55.50:447][687]LogModuleManager: Shutting down and abandoning module LinuxClientTargetPlatform (47)
[2017.02.27-10.55.50:448][687]LogModuleManager: Shutting down and abandoning module TVOSTargetPlatform (46)
[2017.02.27-10.55.50:448][687]LogModuleManager: Shutting down and abandoning module Messaging (45)
[2017.02.27-10.55.50:448][687]LogModuleManager: Shutting down and abandoning module IOSTargetPlatform (44)
[2017.02.27-10.55.50:448][687]LogModuleManager: Shutting down and abandoning module HTML5TargetPlatform (43)
[2017.02.27-10.55.50:448][687]LogModuleManager: Shutting down and abandoning module Android_PVRTCTargetPlatform (42)
[2017.02.27-10.55.50:448][687]LogModuleManager: Shutting down and abandoning module Android_MultiTargetPlatform (41)
[2017.02.27-10.55.50:448][687]LogModuleManager: Shutting down and abandoning module Android_ETC2TargetPlatform (40)
[2017.02.27-10.55.50:448][687]LogModuleManager: Shutting down and abandoning module Android_ETC1TargetPlatform (39)
[2017.02.27-10.55.50:448][687]LogModuleManager: Shutting down and abandoning module Android_DXTTargetPlatform (38)
[2017.02.27-10.55.50:448][687]LogModuleManager: Shutting down and abandoning module Android_ATCTargetPlatform (37)
[2017.02.27-10.55.50:448][687]LogModuleManager: Shutting down and abandoning module Android_ASTCTargetPlatform (36)
[2017.02.27-10.55.50:448][687]LogModuleManager: Shutting down and abandoning module AndroidTargetPlatform (35)
[2017.02.27-10.55.50:448][687]LogModuleManager: Shutting down and abandoning module WindowsTargetPlatform (34)
[2017.02.27-10.55.50:448][687]LogModuleManager: Shutting down and abandoning module WindowsServerTargetPlatform (33)
[2017.02.27-10.55.50:448][687]LogModuleManager: Shutting down and abandoning module WindowsNoEditorTargetPlatform (32)
[2017.02.27-10.55.50:448][687]LogModuleManager: Shutting down and abandoning module WindowsClientTargetPlatform (31)
[2017.02.27-10.55.50:448][687]LogModuleManager: Shutting down and abandoning module MacTargetPlatform (30)
[2017.02.27-10.55.50:448][687]LogModuleManager: Shutting down and abandoning module MacServerTargetPlatform (29)
[2017.02.27-10.55.50:448][687]LogModuleManager: Shutting down and abandoning module MacNoEditorTargetPlatform (28)
[2017.02.27-10.55.50:448][687]LogModuleManager: Shutting down and abandoning module MacClientTargetPlatform (27)
[2017.02.27-10.55.50:448][687]LogModuleManager: Shutting down and abandoning module AllDesktopTargetPlatform (26)
[2017.02.27-10.55.50:448][687]LogModuleManager: Shutting down and abandoning module TargetPlatform (25)
[2017.02.27-10.55.50:448][687]LogModuleManager: Shutting down and abandoning module InputCore (24)
[2017.02.27-10.55.50:448][687]LogModuleManager: Shutting down and abandoning module Settings (23)
[2017.02.27-10.55.50:448][687]LogModuleManager: Shutting down and abandoning module OculusRift (22)
[2017.02.27-10.55.50:448][687]LogModuleManager: Shutting down and abandoning module ExampleDeviceProfileSelector (21)
[2017.02.27-10.55.50:448][687]LogModuleManager: Shutting down and abandoning module OnlineBlueprintSupport (20)
[2017.02.27-10.55.50:448][687]LogModuleManager: Shutting down and abandoning module OnlineSubsystem (18)
[2017.02.27-10.55.50:448][687]LogOnline:Display: Unloading online subsystem: NULL
[2017.02.27-10.55.50:448][687]LogModuleManager: Shutting down and abandoning module SSL (17)
[2017.02.27-10.55.50:449][687]LogModuleManager: Shutting down and abandoning module HTTP (16)
[2017.02.27-10.55.50:449][687]LogModuleManager: Shutting down and abandoning module XMPP (15)
[2017.02.27-10.55.50:449][687]LogModuleManager: Shutting down and abandoning module TextureCompressor (14)
[2017.02.27-10.55.50:449][687]LogModuleManager: Shutting down and abandoning module ShaderCore (13)
[2017.02.27-10.55.50:449][687]LogModuleManager: Shutting down and abandoning module Landscape (12)
[2017.02.27-10.55.50:449][687]LogModuleManager: Shutting down and abandoning module SlateRHIRenderer (11)
[2017.02.27-10.55.50:450][687]LogModuleManager: Shutting down and abandoning module OpenGLDrv (10)
[2017.02.27-10.55.50:450][687]LogModuleManager: Shutting down and abandoning module D3D11RHI (9)
[2017.02.27-10.55.50:450][687]LogModuleManager: Shutting down and abandoning module AnimGraphRuntime (8)
[2017.02.27-10.55.50:450][687]LogModuleManager: Shutting down and abandoning module Renderer (7)
[2017.02.27-10.55.50:450][687]LogModuleManager: Shutting down and abandoning module Engine (6)
[2017.02.27-10.55.50:450][687]LogModuleManager: Shutting down and abandoning module CoreUObject (5)
[2017.02.27-10.55.50:450][687]LogModuleManager: Shutting down and abandoning module NetworkFile (4)
[2017.02.27-10.55.50:450][687]LogModuleManager: Shutting down and abandoning module StreamingFile (3)
[2017.02.27-10.55.50:450][687]LogModuleManager: Shutting down and abandoning module SandboxFile (2)
[2017.02.27-10.55.50:450][687]LogModuleManager: Shutting down and abandoning module PakFile (1)
[2017.02.27-10.55.50:452][687]LogExit: Exiting.
[2017.02.27-10.55.50:464][687]Log file closed, 02/27/17 11:55:50
